<?xml version="1.0" encoding="UTF-8"?>
<!-- Generated by org.testng.reporters.JUnitXMLReporter -->
<testsuite ignored="0" hostname="Himanshu-PC" failures="1" tests="12" name="NextGenAI Automation Tests" time="667.065" errors="0" timestamp="2023-12-31T18:07:32 IST">
  <testcase classname="io.cucumber.testng.AbstractTestNGCucumberTests" name="runScenario" time="53.273"/>
  <testcase classname="io.cucumber.testng.AbstractTestNGCucumberTests" name="runScenario" time="31.534"/>
  <testcase classname="io.cucumber.testng.AbstractTestNGCucumberTests" name="runScenario" time="33.194"/>
  <testcase classname="io.cucumber.testng.AbstractTestNGCucumberTests" name="runScenario" time="32.057"/>
  <testcase classname="io.cucumber.testng.AbstractTestNGCucumberTests" name="runScenario" time="27.905"/>
  <testcase classname="io.cucumber.testng.AbstractTestNGCucumberTests" name="runScenario" time="29.362"/>
  <testcase classname="io.cucumber.testng.AbstractTestNGCucumberTests" name="runScenario" time="103.598"/>
  <testcase classname="io.cucumber.testng.AbstractTestNGCucumberTests" name="runScenario" time="30.72"/>
  <testcase classname="io.cucumber.testng.AbstractTestNGCucumberTests" name="runScenario" time="30.116"/>
  <testcase classname="io.cucumber.testng.AbstractTestNGCucumberTests" name="runScenario" time="119.811">
    <failure type="java.lang.AssertionError" message="Failed | Registration Form title Mismatched expected [true] but found [false]">
      <![CDATA[java.lang.AssertionError: Failed | Registration Form title Mismatched expected [true] but found [false]
at StepDefinitions.MouseEventStepDefinitions.user_navigate_to_right_click_me_button_perform_right_click_action_and_select_registration_form_option_and_verify_the_registration_form_page_title(MouseEventStepDefinitions.java:29)
at ✽.User Navigate to RightClickMe button, perform right click action and select Registration Form option and verify the Registration Form page title "Demo Site – Registration Form – Vinoth Q.A Academy"(file:///D:/Automation2k24/NextGenAI_BDDFramework/./Features/MouseEventFeature.feature:13)
... Removed 3 stack frames]]>
    </failure>
  </testcase> <!-- runScenario -->
  <testcase classname="io.cucumber.testng.AbstractTestNGCucumberTests" name="runScenario" time="117.027"/>
  <testcase classname="io.cucumber.testng.AbstractTestNGCucumberTests" name="runScenario" time="53.555"/>
</testsuite> <!-- NextGenAI Automation Tests -->
